  lib.cpp
C:\Users\kiki\Documents\Programming\AdventOfCode\2021\day9\src\lib.cpp(99,32): warning C4267: 'initializing': conversion from 'size_t' to 'int', possible loss of data
C:\Users\kiki\Documents\Programming\AdventOfCode\2021\day9\src\lib.cpp(100,35): warning C4267: 'initializing': conversion from 'size_t' to 'int', possible loss of data
C:\Users\kiki\Documents\Programming\AdventOfCode\2021\day9\src\lib.cpp(119,68): warning C4267: 'argument': conversion from 'size_t' to 'int', possible loss of data
C:\Users\kiki\Documents\Programming\AdventOfCode\2021\day9\src\lib.cpp(135,43): warning C4267: 'argument': conversion from 'size_t' to '_Ty', possible loss of data
          with
          [
              _Ty=int
          ]
C:\Users\kiki\Documents\Programming\AdventOfCode\2021\day9\src\lib.cpp(195,39): warning C4267: '=': conversion from 'size_t' to 'int', possible loss of data
C:\Users\kiki\Documents\Programming\AdventOfCode\2021\day9\src\lib.cpp(219,42): warning C4267: '=': conversion from 'size_t' to 'int', possible loss of data
C:\Users\kiki\Documents\Programming\AdventOfCode\2021\day9\src\lib.cpp(241,38): warning C4267: '=': conversion from 'size_t' to 'int', possible loss of data
C:\Users\kiki\Documents\Programming\AdventOfCode\2021\day9\src\lib.cpp(250,35): warning C4267: '=': conversion from 'size_t' to 'int', possible loss of data
C:\Users\kiki\Documents\Programming\AdventOfCode\2021\day9\src\lib.cpp(260,35): warning C4267: '=': conversion from 'size_t' to 'int', possible loss of data
C:\Users\kiki\Documents\Programming\AdventOfCode\2021\day9\src\lib.cpp(261,38): warning C4267: '=': conversion from 'size_t' to 'int', possible loss of data
  Generating code
  1 of 528 functions ( 0.2%) were compiled, the rest were copied from previous compilation.
    0 functions were new in current compilation
    2 functions had inline decision re-evaluated but remain unchanged
  Finished generating code
  day9.vcxproj -> C:\Users\kiki\Documents\Programming\AdventOfCode\2021\day9\bin\day9.exe
